<?xml version="1.0" encoding="UTF-8"?>
<!-- Generated by org.testng.reporters.JUnitXMLReporter -->
<testsuite hostname="SNKXW-SGENTRY" name="Default test" tests="4" failures="0" timestamp="18 Oct 2012 20:14:55 GMT" time="8.094" errors="0">
  <testcase name="ensureItemsAreSame" time="0.016" classname="com.example.JQueryHomePageTest"/>
  <testcase name="ensureMissingWebElement" time="0.001" classname="com.example.JQueryHomePageTest"/>
  <testcase name="ensureNoSuchElementExceptionThrown" time="0.0" classname="com.example.JQueryHomePageTest"/>
  <testcase name="getText" time="0.073" classname="com.example.JQueryHomePageTest"/>
</testsuite> <!-- Default test -->
