<?xml version="1.0" encoding="UTF-8"?>
<!-- Generated by org.testng.reporters.JUnitReportReporter -->
<testsuite hostname="SNKXW-SGENTRY" name="com.example.JQueryHomePageTest" tests="4" failures="0" timestamp="18 Oct 2012 20:14:56 GMT" time="0.093" errors="0">
  <testcase name="getText" time="0.074" classname="com.example.JQueryHomePageTest"/>
  <testcase name="ensureItemsAreSame" time="0.017" classname="com.example.JQueryHomePageTest"/>
  <testcase name="ensureMissingWebElement" time="0.001" classname="com.example.JQueryHomePageTest"/>
  <testcase name="ensureNoSuchElementExceptionThrown" time="0.001" classname="com.example.JQueryHomePageTest"/>
</testsuite> <!-- com.example.JQueryHomePageTest -->
